[debug] [2022-04-05T16:14:59.315Z] ----------------------------------------------------------------------
[debug] [2022-04-05T16:14:59.315Z] Command:       C:\Program Files\nodejs\node.exe C:\Users\Вадим\AppData\Roaming\npm\node_modules\firebase-tools\lib\bin\firebase.js init
[debug] [2022-04-05T16:14:59.315Z] CLI Version:   10.6.0
[debug] [2022-04-05T16:14:59.315Z] Platform:      win32
[debug] [2022-04-05T16:14:59.315Z] Node Version:  v12.20.0
[debug] [2022-04-05T16:14:59.315Z] Time:          Tue Apr 05 2022 19:14:59 GMT+0300 (GMT+03:00)
[debug] [2022-04-05T16:14:59.315Z] ----------------------------------------------------------------------
[debug] 
[debug] [2022-04-05T16:14:59.443Z] > command requires scopes: ["email","openid","https://www.googleapis.com/auth/cloudplatformprojects.readonly","https://www.googleapis.com/auth/firebase","https://www.googleapis.com/auth/cloud-platform"]
[debug] [2022-04-05T16:14:59.443Z] > authorizing via signed-in user (lentik.vadik@gmail.com)
[info] 
     ######## #### ########  ######## ########     ###     ######  ########
     ##        ##  ##     ## ##       ##     ##  ##   ##  ##       ##
     ######    ##  ########  ######   ########  #########  ######  ######
     ##        ##  ##    ##  ##       ##     ## ##     ##       ## ##
     ##       #### ##     ## ######## ########  ##     ##  ######  ########

You're about to initialize a Firebase project in this directory:

  C:\Users\Вадим\beautyedits

Before we get started, keep in mind:

  * You are initializing within an existing Firebase project directory

[info] 
=== Project Setup
[info] 
[info] First, let's associate this project directory with a Firebase project.
[info] You can create multiple project aliases by running firebase use --add, 
[info] but for now we'll just set up a default project.
[info] 
[debug] [2022-04-05T16:15:22.335Z] Using project from CLI flag: beautyedits-a45fe
[debug] [2022-04-05T16:15:22.335Z] > refreshing access token with scopes: []
[debug] [2022-04-05T16:15:22.335Z] >>> HTTP REQUEST POST https://www.googleapis.com/oauth2/v3/token  
 <request body omitted>
[debug] [2022-04-05T16:15:22.506Z] <<< HTTP RESPONSE 200 {"pragma":"no-cache","expires":"Mon, 01 Jan 1990 00:00:00 GMT","cache-control":"no-cache, no-store, max-age=0, must-revalidate","date":"Tue, 05 Apr 2022 16:15:21 GMT","content-type":"application/json; charset=utf-8","vary":"X-Origin, Referer, Origin,Accept-Encoding","server":"scaffolding on HTTPServer2","x-xss-protection":"0","x-frame-options":"SAMEORIGIN","x-content-type-options":"nosniff","alt-svc":"h3=\":443\"; ma=2592000,h3-29=\":443\"; ma=2592000,h3-Q050=\":443\"; ma=2592000,h3-Q046=\":443\"; ma=2592000,h3-Q043=\":443\"; ma=2592000,quic=\":443\"; ma=2592000; v=\"46,43\"","accept-ranges":"none","transfer-encoding":"chunked"}
[debug] [2022-04-05T16:15:22.519Z] >>> [apiv2][query] GET https://firebase.googleapis.com/v1beta1/projects/beautyedits-a45fe [none]
[debug] [2022-04-05T16:15:22.822Z] <<< [apiv2][status] GET https://firebase.googleapis.com/v1beta1/projects/beautyedits-a45fe 200
[debug] [2022-04-05T16:15:22.822Z] <<< [apiv2][body] GET https://firebase.googleapis.com/v1beta1/projects/beautyedits-a45fe {"projectId":"beautyedits-a45fe","projectNumber":"850933896918","displayName":"beautyedits","name":"projects/beautyedits-a45fe","resources":{"hostingSite":"beautyedits-a45fe","realtimeDatabaseInstance":"beautyedits-a45fe-default-rtdb"},"state":"ACTIVE"}
[info] i  Using project beautyedits-a45fe (beautyedits) 
[info] 
=== Database Setup
[info] i  database: ensuring required API firebasedatabase.googleapis.com is enabled... 
[debug] [2022-04-05T16:15:22.822Z] >>> [apiv2][query] GET https://serviceusage.googleapis.com/v1/projects/beautyedits-a45fe/services/firebasedatabase.googleapis.com [none]
[debug] [2022-04-05T16:15:23.857Z] <<< [apiv2][status] GET https://serviceusage.googleapis.com/v1/projects/beautyedits-a45fe/services/firebasedatabase.googleapis.com 200
[debug] [2022-04-05T16:15:23.857Z] <<< [apiv2][body] GET https://serviceusage.googleapis.com/v1/projects/beautyedits-a45fe/services/firebasedatabase.googleapis.com {"name":"projects/850933896918/services/firebasedatabase.googleapis.com","config":{"name":"firebasedatabase.googleapis.com","title":"Firebase Realtime Database Management API","apis":[{"name":"google.firebase.database.v1beta.RealtimeDatabaseService","methods":[{"name":"CreateDatabaseInstance"},{"name":"GetDatabaseInstance"},{"name":"ListDatabaseInstances"},{"name":"DeleteDatabaseInstance"},{"name":"DisableDatabaseInstance"},{"name":"ReenableDatabaseInstance"}],"version":"v1beta"},{"name":"google.discovery.Discovery","methods":[{"name":"GetDiscovery"},{"name":"GetDiscoveryRest"}],"version":"v1"}],"documentation":{"summary":"The Firebase Realtime Database Management API enables programmatic provisioning and management of Realtime Database instances."},"quota":{"limits":[{"name":"ReadsPerMinutePerProject","metric":"firebasedatabase.googleapis.com/metadata/read_requests","unit":"1/min/{project}","values":{"DEFAULT":"600"}},{"name":"ReadsPerMinutePerProjectPerUser","metric":"firebasedatabase.googleapis.com/metadata/read_requests","unit":"1/min/{project}/{user}","values":{"DEFAULT":"300"}},{"name":"ReadsPerMinutePerOrganization","metric":"firebasedatabase.googleapis.com/metadata/read_requests","unit":"1/min/{organization}","values":{"DEFAULT":"1200"}},{"name":"WritesPerMinutePerProject","metric":"firebasedatabase.googleapis.com/metadata/write_requests","unit":"1/min/{project}","values":{"DEFAULT":"120"}},{"name":"WritesPerMinutePerProjectPerUser","metric":"firebasedatabase.googleapis.com/metadata/write_requests","unit":"1/min/{project}/{user}","values":{"DEFAULT":"100"}},{"name":"WritesPerMinutePerOrganization","metric":"firebasedatabase.googleapis.com/metadata/write_requests","unit":"1/min/{organization}","values":{"DEFAULT":"300"}},{"name":"CreatesPerMinutePerProject","metric":"firebasedatabase.googleapis.com/metadata/create_requests","unit":"1/min/{project}","values":{"DEFAULT":"100"}},{"name":"CreatesPerMinutePerProjectPerUser","metric":"firebasedatabase.googleapis.com/metadata/create_requests","unit":"1/min/{project}/{user}","values":{"DEFAULT":"100"}},{"name":"CreatesPerMinutePerOrganization","metric":"firebasedatabase.googleapis.com/metadata/create_requests","unit":"1/min/{organization}","values":{"DEFAULT":"100"}}]},"authentication":{"rules":[{"oauth":{"canonicalScopes":"https://www.googleapis.com/auth/cloud-platform,\nhttps://www.googleapis.com/auth/firebase,"}},{"oauth":{"canonicalScopes":"https://www.googleapis.com/auth/cloud-platform,\nhttps://www.googleapis.com/auth/cloud-platform.read-only,\nhttps://www.googleapis.com/auth/firebase,\nhttps://www.googleapis.com/auth/firebase.readonly"}},{"oauth":{"canonicalScopes":"https://www.googleapis.com/auth/cloud-platform,\nhttps://www.googleapis.com/auth/cloud-platform.read-only,\nhttps://www.googleapis.com/auth/firebase,\nhttps://www.googleapis.com/auth/firebase.readonly"}},{"oauth":{"canonicalScopes":"https://www.googleapis.com/auth/cloud-platform,\nhttps://www.googleapis.com/auth/firebase,"}},{"oauth":{"canonicalScopes":"https://www.googleapis.com/auth/cloud-platform,\nhttps://www.googleapis.com/auth/firebase,"}},{"oauth":{"canonicalScopes":"https://www.googleapis.com/auth/cloud-platform,\nhttps://www.googleapis.com/auth/firebase,"}},{"oauth":{"canonicalScopes":"https://www.googleapis.com/auth/cloud-platform,\nhttps://www.googleapis.com/auth/firebase,"}}]},"usage":{"requirements":["serviceusage.googleapis.com/tos/universal"]},"endpoints":[{"name":"firebasedatabase.googleapis.com"},{"name":"firebasedatabase.clients6.google.com"},{"name":"content-firebasedatabase.googleapis.com"}],"monitoredResources":[{"type":"firebase_namespace","displayName":"Firebase Realtime Database","description":"A Firebase Realtime Database.","labels":[{"key":"project_id","description":"The identifier of the GCP project associated with this resource, such as \"my-project\"."},{"key":"table_name","description":"The name of the database."},{"key":"location","description":"The location of the database."}],"launchStage":"GA"},{"type":"firebasedatabase.googleapis.com/table","labels":[{"key":"firebasedatabase.googleapis.com/table_name"},{"key":"cloud.googleapis.com/location"},{"key":"cloud.googleapis.com/project"},{"key":"cloud.googleapis.com/uid"}]},{"type":"serviceruntime.googleapis.com/api","labels":[{"key":"cloud.googleapis.com/location"},{"key":"cloud.googleapis.com/uid"},{"key":"serviceruntime.googleapis.com/api_version"},{"key":"serviceruntime.googleapis.com/api_method"},{"key":"serviceruntime.googleapis.com/consumer_project"},{"key":"cloud.googleapis.com/project"},{"key":"cloud.googleapis.com/service"}]},{"type":"serviceruntime.googleapis.com/consumer_quota","labels":[{"key":"cloud.googleapis.com/location"},{"key":"cloud.googleapis.com/uid"},{"key":"cloud.googleapis.com/service"},{"key":"cloud.googleapis.com/resource_id"},{"key":"cloud.googleapis.com/resource_node"},{"key":"cloud.googleapis.com/quota_metric"},{"key":"cloud.googleapis.com/quota_location"}]},{"type":"serviceruntime.googleapis.com/producer_quota","labels":[{"key":"cloud.googleapis.com/location"},{"key":"cloud.googleapis.com/uid"},{"key":"cloud.googleapis.com/service"},{"key":"cloud.googleapis.com/resource_id"},{"key":"cloud.googleapis.com/resource_node"},{"key":"cloud.googleapis.com/consumer_resource_node"},{"key":"cloud.googleapis.com/quota_metric"},{"key":"cloud.googleapis.com/quota_location"}]}],"monitoring":{"consumerDestinations":[{"monitoredResource":"firebase_namespace","metrics":["firebasedatabase.googleapis.com/storage/total_bytes","firebasedatabase.googleapis.com/storage/limit","firebasedatabase.googleapis.com/storage/disabled_for_overages","firebasedatabase.googleapis.com/network/monthly_sent","firebasedatabase.googleapis.com/network/monthly_sent_limit","firebasedatabase.googleapis.com/network/active_connections","firebasedatabase.googleapis.com/network/disabled_for_overages","firebasedatabase.googleapis.com/io/utilization","firebasedatabase.googleapis.com/io/database_load","firebasedatabase.googleapis.com/network/broadcast_load"]},{"monitoredResource":"firebase_namespace","metrics":["firebasedatabase.googleapis.com/network/sent_bytes_count","firebasedatabase.googleapis.com/network/api_hits_count","firebasedatabase.googleapis.com/network/https_requests_count","firebasedatabase.googleapis.com/io/persisted_bytes_count","firebasedatabase.googleapis.com/io/sent_responses_count","firebasedatabase.googleapis.com/network/sent_payload_and_protocol_bytes_count","firebasedatabase.googleapis.com/network/sent_payload_bytes_count","firebasedatabase.googleapis.com/rules/evaluation_count"]},{"monitoredResource":"firebasedatabase.googleapis.com/table","metrics":["firebasedatabase.googleapis.com/network/operations_count"]},{"monitoredResource":"serviceruntime.googleapis.com/api","metrics":["serviceruntime.googleapis.com/api/consumer/quota_used_count","serviceruntime.googleapis.com/api/consumer/quota_refund_count","serviceruntime.googleapis.com/quota/used","serviceruntime.googleapis.com/quota/limit","serviceruntime.googleapis.com/quota/exceeded","serviceruntime.googleapis.com/allocation/consumer/quota_used_count"]},{"monitoredResource":"serviceruntime.googleapis.com/consumer_quota","metrics":["serviceruntime.googleapis.com/quota/rate/consumer/used_count","serviceruntime.googleapis.com/quota/rate/consumer/refund_count","serviceruntime.googleapis.com/quota/allocation/consumer/usage","serviceruntime.googleapis.com/quota/consumer/limit","serviceruntime.googleapis.com/quota/consumer/exceeded"]}]}},"state":"ENABLED","parent":"projects/850933896918"}
[info] +  database: required API firebasedatabase.googleapis.com is enabled 
[info] 
[debug] [2022-04-05T16:15:23.857Z] > refreshing access token with scopes: ["email","https://www.googleapis.com/auth/cloud-platform","https://www.googleapis.com/auth/cloudplatformprojects.readonly","https://www.googleapis.com/auth/firebase","openid"]
[debug] [2022-04-05T16:15:23.857Z] >>> HTTP REQUEST POST https://www.googleapis.com/oauth2/v3/token  
 <request body omitted>
[debug] [2022-04-05T16:15:23.983Z] <<< HTTP RESPONSE 200 {"pragma":"no-cache","date":"Tue, 05 Apr 2022 16:15:23 GMT","cache-control":"no-cache, no-store, max-age=0, must-revalidate","expires":"Mon, 01 Jan 1990 00:00:00 GMT","content-type":"application/json; charset=utf-8","vary":"X-Origin, Referer, Origin,Accept-Encoding","server":"scaffolding on HTTPServer2","x-xss-protection":"0","x-frame-options":"SAMEORIGIN","x-content-type-options":"nosniff","alt-svc":"h3=\":443\"; ma=2592000,h3-29=\":443\"; ma=2592000,h3-Q050=\":443\"; ma=2592000,h3-Q046=\":443\"; ma=2592000,h3-Q043=\":443\"; ma=2592000,quic=\":443\"; ma=2592000; v=\"46,43\"","accept-ranges":"none","transfer-encoding":"chunked"}
[debug] [2022-04-05T16:15:23.994Z] >>> HTTP REQUEST GET https://firebasedatabase.googleapis.com/v1beta/projects/beautyedits-a45fe/locations/-/instances/beautyedits-a45fe-default-rtdb  
 
[debug] [2022-04-05T16:15:24.336Z] <<< HTTP RESPONSE 200 {"content-type":"application/json; charset=UTF-8","vary":"X-Origin, Referer, Origin,Accept-Encoding","date":"Tue, 05 Apr 2022 16:15:23 GMT","server":"ESF","cache-control":"private","x-xss-protection":"0","x-frame-options":"SAMEORIGIN","x-content-type-options":"nosniff","alt-svc":"h3=\":443\"; ma=2592000,h3-29=\":443\"; ma=2592000,h3-Q050=\":443\"; ma=2592000,h3-Q046=\":443\"; ma=2592000,h3-Q043=\":443\"; ma=2592000,quic=\":443\"; ma=2592000; v=\"46,43\"","accept-ranges":"none","transfer-encoding":"chunked"}
[info] 
[info] Firebase Realtime Database Security Rules allow you to define how your data should be
[info] structured and when your data can be read from and written to.
[info] 
[debug] [2022-04-05T16:15:27.604Z] >>> HTTP REQUEST GET https://beautyedits-a45fe-default-rtdb.firebaseio.com/.settings/rules.json  
 
[debug] [2022-04-05T16:15:28.152Z] <<< HTTP RESPONSE 200 {"server":"nginx","date":"Tue, 05 Apr 2022 16:15:27 GMT","content-type":"application/json; charset=utf-8","content-length":"161","connection":"keep-alive","access-control-allow-origin":"*","cache-control":"no-cache","strict-transport-security":"max-age=31556926; includeSubDomains; preload"}
[debug] [2022-04-05T16:15:40.694Z] Error: C:\Users\Вадим\beautyedits\C:\Users\Вадим\Desktop\beautyeditsfirebase contains invalid WIN32 path characters.
    at Object.mkdirsSync (C:\Users\Вадим\AppData\Roaming\npm\node_modules\firebase-tools\node_modules\fs-extra\lib\mkdirs\mkdirs-sync.js:18:22)
    at Object.createFileSync (C:\Users\Вадим\AppData\Roaming\npm\node_modules\firebase-tools\node_modules\fs-extra\lib\ensure\file.js:40:11)
    at Config.writeProjectFile (C:\Users\Вадим\AppData\Roaming\npm\node_modules\firebase-tools\lib\config.js:151:12)
    at writeDBRules (C:\Users\Вадим\AppData\Roaming\npm\node_modules\firebase-tools\lib\init\features\database.js:27:12)
    at doSetup (C:\Users\Вадим\AppData\Roaming\npm\node_modules\firebase-tools\lib\init\features\database.js:117:13)
    at processTicksAndRejections (internal/process/task_queues.js:97:5)
    at async init (C:\Users\Вадим\AppData\Roaming\npm\node_modules\firebase-tools\lib\init\index.js:36:9)
[error] 
[error] Error: An unexpected error has occurred.
[debug] [2022-04-05T16:15:47.816Z] ----------------------------------------------------------------------
[debug] [2022-04-05T16:15:47.816Z] Command:       C:\Program Files\nodejs\node.exe C:\Users\Вадим\AppData\Roaming\npm\node_modules\firebase-tools\lib\bin\firebase.js init
[debug] [2022-04-05T16:15:47.816Z] CLI Version:   10.6.0
[debug] [2022-04-05T16:15:47.816Z] Platform:      win32
[debug] [2022-04-05T16:15:47.816Z] Node Version:  v12.20.0
[debug] [2022-04-05T16:15:47.816Z] Time:          Tue Apr 05 2022 19:15:47 GMT+0300 (GMT+03:00)
[debug] [2022-04-05T16:15:47.816Z] ----------------------------------------------------------------------
[debug] 
[debug] [2022-04-05T16:15:47.925Z] > command requires scopes: ["email","openid","https://www.googleapis.com/auth/cloudplatformprojects.readonly","https://www.googleapis.com/auth/firebase","https://www.googleapis.com/auth/cloud-platform"]
[debug] [2022-04-05T16:15:47.941Z] > authorizing via signed-in user (lentik.vadik@gmail.com)
[info] 
     ######## #### ########  ######## ########     ###     ######  ########
     ##        ##  ##     ## ##       ##     ##  ##   ##  ##       ##
     ######    ##  ########  ######   ########  #########  ######  ######
     ##        ##  ##    ##  ##       ##     ## ##     ##       ## ##
     ##       #### ##     ## ######## ########  ##     ##  ######  ########

You're about to initialize a Firebase project in this directory:

  C:\Users\Вадим\beautyedits

Before we get started, keep in mind:

  * You are initializing within an existing Firebase project directory

[info] 
=== Project Setup
[info] 
[info] First, let's associate this project directory with a Firebase project.
[info] You can create multiple project aliases by running firebase use --add, 
[info] but for now we'll just set up a default project.
[info] 
[debug] [2022-04-05T16:15:55.786Z] Using project from CLI flag: beautyedits-a45fe
[debug] [2022-04-05T16:15:55.802Z] > refreshing access token with scopes: []
[debug] [2022-04-05T16:15:55.804Z] >>> HTTP REQUEST POST https://www.googleapis.com/oauth2/v3/token  
 <request body omitted>
[debug] [2022-04-05T16:15:55.944Z] <<< HTTP RESPONSE 200 {"date":"Tue, 05 Apr 2022 16:15:55 GMT","pragma":"no-cache","cache-control":"no-cache, no-store, max-age=0, must-revalidate","expires":"Mon, 01 Jan 1990 00:00:00 GMT","content-type":"application/json; charset=utf-8","vary":"X-Origin, Referer, Origin,Accept-Encoding","server":"scaffolding on HTTPServer2","x-xss-protection":"0","x-frame-options":"SAMEORIGIN","x-content-type-options":"nosniff","alt-svc":"h3=\":443\"; ma=2592000,h3-29=\":443\"; ma=2592000,h3-Q050=\":443\"; ma=2592000,h3-Q046=\":443\"; ma=2592000,h3-Q043=\":443\"; ma=2592000,quic=\":443\"; ma=2592000; v=\"46,43\"","accept-ranges":"none","transfer-encoding":"chunked"}
[debug] [2022-04-05T16:15:55.957Z] >>> [apiv2][query] GET https://firebase.googleapis.com/v1beta1/projects/beautyedits-a45fe [none]
[debug] [2022-04-05T16:15:56.208Z] <<< [apiv2][status] GET https://firebase.googleapis.com/v1beta1/projects/beautyedits-a45fe 200
[debug] [2022-04-05T16:15:56.208Z] <<< [apiv2][body] GET https://firebase.googleapis.com/v1beta1/projects/beautyedits-a45fe {"projectId":"beautyedits-a45fe","projectNumber":"850933896918","displayName":"beautyedits","name":"projects/beautyedits-a45fe","resources":{"hostingSite":"beautyedits-a45fe","realtimeDatabaseInstance":"beautyedits-a45fe-default-rtdb"},"state":"ACTIVE"}
[info] i  Using project beautyedits-a45fe (beautyedits) 
[info] 
=== Database Setup
[info] i  database: ensuring required API firebasedatabase.googleapis.com is enabled... 
[debug] [2022-04-05T16:15:56.223Z] >>> [apiv2][query] GET https://serviceusage.googleapis.com/v1/projects/beautyedits-a45fe/services/firebasedatabase.googleapis.com [none]
[debug] [2022-04-05T16:15:57.210Z] <<< [apiv2][status] GET https://serviceusage.googleapis.com/v1/projects/beautyedits-a45fe/services/firebasedatabase.googleapis.com 200
[debug] [2022-04-05T16:15:57.210Z] <<< [apiv2][body] GET https://serviceusage.googleapis.com/v1/projects/beautyedits-a45fe/services/firebasedatabase.googleapis.com {"name":"projects/850933896918/services/firebasedatabase.googleapis.com","config":{"name":"firebasedatabase.googleapis.com","title":"Firebase Realtime Database Management API","apis":[{"name":"google.firebase.database.v1beta.RealtimeDatabaseService","methods":[{"name":"CreateDatabaseInstance"},{"name":"GetDatabaseInstance"},{"name":"ListDatabaseInstances"},{"name":"DeleteDatabaseInstance"},{"name":"DisableDatabaseInstance"},{"name":"ReenableDatabaseInstance"}],"version":"v1beta"},{"name":"google.discovery.Discovery","methods":[{"name":"GetDiscovery"},{"name":"GetDiscoveryRest"}],"version":"v1"}],"documentation":{"summary":"The Firebase Realtime Database Management API enables programmatic provisioning and management of Realtime Database instances."},"quota":{"limits":[{"name":"ReadsPerMinutePerProject","metric":"firebasedatabase.googleapis.com/metadata/read_requests","unit":"1/min/{project}","values":{"DEFAULT":"600"}},{"name":"ReadsPerMinutePerProjectPerUser","metric":"firebasedatabase.googleapis.com/metadata/read_requests","unit":"1/min/{project}/{user}","values":{"DEFAULT":"300"}},{"name":"ReadsPerMinutePerOrganization","metric":"firebasedatabase.googleapis.com/metadata/read_requests","unit":"1/min/{organization}","values":{"DEFAULT":"1200"}},{"name":"WritesPerMinutePerProject","metric":"firebasedatabase.googleapis.com/metadata/write_requests","unit":"1/min/{project}","values":{"DEFAULT":"120"}},{"name":"WritesPerMinutePerProjectPerUser","metric":"firebasedatabase.googleapis.com/metadata/write_requests","unit":"1/min/{project}/{user}","values":{"DEFAULT":"100"}},{"name":"WritesPerMinutePerOrganization","metric":"firebasedatabase.googleapis.com/metadata/write_requests","unit":"1/min/{organization}","values":{"DEFAULT":"300"}},{"name":"CreatesPerMinutePerProject","metric":"firebasedatabase.googleapis.com/metadata/create_requests","unit":"1/min/{project}","values":{"DEFAULT":"100"}},{"name":"CreatesPerMinutePerProjectPerUser","metric":"firebasedatabase.googleapis.com/metadata/create_requests","unit":"1/min/{project}/{user}","values":{"DEFAULT":"100"}},{"name":"CreatesPerMinutePerOrganization","metric":"firebasedatabase.googleapis.com/metadata/create_requests","unit":"1/min/{organization}","values":{"DEFAULT":"100"}}]},"authentication":{"rules":[{"oauth":{"canonicalScopes":"https://www.googleapis.com/auth/cloud-platform,\nhttps://www.googleapis.com/auth/firebase,"}},{"oauth":{"canonicalScopes":"https://www.googleapis.com/auth/cloud-platform,\nhttps://www.googleapis.com/auth/cloud-platform.read-only,\nhttps://www.googleapis.com/auth/firebase,\nhttps://www.googleapis.com/auth/firebase.readonly"}},{"oauth":{"canonicalScopes":"https://www.googleapis.com/auth/cloud-platform,\nhttps://www.googleapis.com/auth/cloud-platform.read-only,\nhttps://www.googleapis.com/auth/firebase,\nhttps://www.googleapis.com/auth/firebase.readonly"}},{"oauth":{"canonicalScopes":"https://www.googleapis.com/auth/cloud-platform,\nhttps://www.googleapis.com/auth/firebase,"}},{"oauth":{"canonicalScopes":"https://www.googleapis.com/auth/cloud-platform,\nhttps://www.googleapis.com/auth/firebase,"}},{"oauth":{"canonicalScopes":"https://www.googleapis.com/auth/cloud-platform,\nhttps://www.googleapis.com/auth/firebase,"}},{"oauth":{"canonicalScopes":"https://www.googleapis.com/auth/cloud-platform,\nhttps://www.googleapis.com/auth/firebase,"}}]},"usage":{"requirements":["serviceusage.googleapis.com/tos/universal"]},"endpoints":[{"name":"firebasedatabase.googleapis.com"},{"name":"firebasedatabase.clients6.google.com"},{"name":"content-firebasedatabase.googleapis.com"}],"monitoredResources":[{"type":"firebase_namespace","displayName":"Firebase Realtime Database","description":"A Firebase Realtime Database.","labels":[{"key":"project_id","description":"The identifier of the GCP project associated with this resource, such as \"my-project\"."},{"key":"table_name","description":"The name of the database."},{"key":"location","description":"The location of the database."}],"launchStage":"GA"},{"type":"firebasedatabase.googleapis.com/table","labels":[{"key":"firebasedatabase.googleapis.com/table_name"},{"key":"cloud.googleapis.com/location"},{"key":"cloud.googleapis.com/project"},{"key":"cloud.googleapis.com/uid"}]},{"type":"serviceruntime.googleapis.com/api","labels":[{"key":"cloud.googleapis.com/location"},{"key":"cloud.googleapis.com/uid"},{"key":"serviceruntime.googleapis.com/api_version"},{"key":"serviceruntime.googleapis.com/api_method"},{"key":"serviceruntime.googleapis.com/consumer_project"},{"key":"cloud.googleapis.com/project"},{"key":"cloud.googleapis.com/service"}]},{"type":"serviceruntime.googleapis.com/consumer_quota","labels":[{"key":"cloud.googleapis.com/location"},{"key":"cloud.googleapis.com/uid"},{"key":"cloud.googleapis.com/service"},{"key":"cloud.googleapis.com/resource_id"},{"key":"cloud.googleapis.com/resource_node"},{"key":"cloud.googleapis.com/quota_metric"},{"key":"cloud.googleapis.com/quota_location"}]},{"type":"serviceruntime.googleapis.com/producer_quota","labels":[{"key":"cloud.googleapis.com/location"},{"key":"cloud.googleapis.com/uid"},{"key":"cloud.googleapis.com/service"},{"key":"cloud.googleapis.com/resource_id"},{"key":"cloud.googleapis.com/resource_node"},{"key":"cloud.googleapis.com/consumer_resource_node"},{"key":"cloud.googleapis.com/quota_metric"},{"key":"cloud.googleapis.com/quota_location"}]}],"monitoring":{"consumerDestinations":[{"monitoredResource":"firebase_namespace","metrics":["firebasedatabase.googleapis.com/storage/total_bytes","firebasedatabase.googleapis.com/storage/limit","firebasedatabase.googleapis.com/storage/disabled_for_overages","firebasedatabase.googleapis.com/network/monthly_sent","firebasedatabase.googleapis.com/network/monthly_sent_limit","firebasedatabase.googleapis.com/network/active_connections","firebasedatabase.googleapis.com/network/disabled_for_overages","firebasedatabase.googleapis.com/io/utilization","firebasedatabase.googleapis.com/io/database_load","firebasedatabase.googleapis.com/network/broadcast_load"]},{"monitoredResource":"firebase_namespace","metrics":["firebasedatabase.googleapis.com/network/sent_bytes_count","firebasedatabase.googleapis.com/network/api_hits_count","firebasedatabase.googleapis.com/network/https_requests_count","firebasedatabase.googleapis.com/io/persisted_bytes_count","firebasedatabase.googleapis.com/io/sent_responses_count","firebasedatabase.googleapis.com/network/sent_payload_and_protocol_bytes_count","firebasedatabase.googleapis.com/network/sent_payload_bytes_count","firebasedatabase.googleapis.com/rules/evaluation_count"]},{"monitoredResource":"firebasedatabase.googleapis.com/table","metrics":["firebasedatabase.googleapis.com/network/operations_count"]},{"monitoredResource":"serviceruntime.googleapis.com/api","metrics":["serviceruntime.googleapis.com/api/consumer/quota_used_count","serviceruntime.googleapis.com/api/consumer/quota_refund_count","serviceruntime.googleapis.com/quota/used","serviceruntime.googleapis.com/quota/limit","serviceruntime.googleapis.com/quota/exceeded","serviceruntime.googleapis.com/allocation/consumer/quota_used_count"]},{"monitoredResource":"serviceruntime.googleapis.com/consumer_quota","metrics":["serviceruntime.googleapis.com/quota/rate/consumer/used_count","serviceruntime.googleapis.com/quota/rate/consumer/refund_count","serviceruntime.googleapis.com/quota/allocation/consumer/usage","serviceruntime.googleapis.com/quota/consumer/limit","serviceruntime.googleapis.com/quota/consumer/exceeded"]}]}},"state":"ENABLED","parent":"projects/850933896918"}
[info] +  database: required API firebasedatabase.googleapis.com is enabled 
[info] 
[debug] [2022-04-05T16:15:57.210Z] > refreshing access token with scopes: ["email","https://www.googleapis.com/auth/cloud-platform","https://www.googleapis.com/auth/cloudplatformprojects.readonly","https://www.googleapis.com/auth/firebase","openid"]
[debug] [2022-04-05T16:15:57.210Z] >>> HTTP REQUEST POST https://www.googleapis.com/oauth2/v3/token  
 <request body omitted>
[debug] [2022-04-05T16:15:57.305Z] <<< HTTP RESPONSE 200 {"expires":"Mon, 01 Jan 1990 00:00:00 GMT","cache-control":"no-cache, no-store, max-age=0, must-revalidate","date":"Tue, 05 Apr 2022 16:15:56 GMT","pragma":"no-cache","content-type":"application/json; charset=utf-8","vary":"X-Origin, Referer, Origin,Accept-Encoding","server":"scaffolding on HTTPServer2","x-xss-protection":"0","x-frame-options":"SAMEORIGIN","x-content-type-options":"nosniff","alt-svc":"h3=\":443\"; ma=2592000,h3-29=\":443\"; ma=2592000,h3-Q050=\":443\"; ma=2592000,h3-Q046=\":443\"; ma=2592000,h3-Q043=\":443\"; ma=2592000,quic=\":443\"; ma=2592000; v=\"46,43\"","accept-ranges":"none","transfer-encoding":"chunked"}
[debug] [2022-04-05T16:15:57.317Z] >>> HTTP REQUEST GET https://firebasedatabase.googleapis.com/v1beta/projects/beautyedits-a45fe/locations/-/instances/beautyedits-a45fe-default-rtdb  
 
[debug] [2022-04-05T16:15:57.623Z] <<< HTTP RESPONSE 200 {"content-type":"application/json; charset=UTF-8","vary":"X-Origin, Referer, Origin,Accept-Encoding","date":"Tue, 05 Apr 2022 16:15:56 GMT","server":"ESF","cache-control":"private","x-xss-protection":"0","x-frame-options":"SAMEORIGIN","x-content-type-options":"nosniff","alt-svc":"h3=\":443\"; ma=2592000,h3-29=\":443\"; ma=2592000,h3-Q050=\":443\"; ma=2592000,h3-Q046=\":443\"; ma=2592000,h3-Q043=\":443\"; ma=2592000,quic=\":443\"; ma=2592000; v=\"46,43\"","accept-ranges":"none","transfer-encoding":"chunked"}
[info] 
[info] Firebase Realtime Database Security Rules allow you to define how your data should be
[info] structured and when your data can be read from and written to.
[info] 
[debug] [2022-04-05T16:16:15.385Z] >>> HTTP REQUEST GET https://beautyedits-a45fe-default-rtdb.firebaseio.com/.settings/rules.json  
 
[debug] [2022-04-05T16:16:15.904Z] <<< HTTP RESPONSE 200 {"server":"nginx","date":"Tue, 05 Apr 2022 16:16:14 GMT","content-type":"application/json; charset=utf-8","content-length":"161","connection":"keep-alive","access-control-allow-origin":"*","cache-control":"no-cache","strict-transport-security":"max-age=31556926; includeSubDomains; preload"}
[debug] [2022-04-05T16:16:15.997Z] Error: C:\Users\Вадим\beautyedits\C:\Users\Вадим\Desktop\beautyeditsfirebase contains invalid WIN32 path characters.
    at Object.mkdirsSync (C:\Users\Вадим\AppData\Roaming\npm\node_modules\firebase-tools\node_modules\fs-extra\lib\mkdirs\mkdirs-sync.js:18:22)
    at Object.createFileSync (C:\Users\Вадим\AppData\Roaming\npm\node_modules\firebase-tools\node_modules\fs-extra\lib\ensure\file.js:40:11)
    at Config.writeProjectFile (C:\Users\Вадим\AppData\Roaming\npm\node_modules\firebase-tools\lib\config.js:151:12)
    at writeDBRules (C:\Users\Вадим\AppData\Roaming\npm\node_modules\firebase-tools\lib\init\features\database.js:27:12)
    at doSetup (C:\Users\Вадим\AppData\Roaming\npm\node_modules\firebase-tools\lib\init\features\database.js:117:13)
    at processTicksAndRejections (internal/process/task_queues.js:97:5)
    at async init (C:\Users\Вадим\AppData\Roaming\npm\node_modules\firebase-tools\lib\init\index.js:36:9)
[error] 
[error] Error: An unexpected error has occurred.
[debug] [2022-04-05T16:22:42.744Z] ----------------------------------------------------------------------
[debug] [2022-04-05T16:22:42.760Z] Command:       C:\Program Files\nodejs\node.exe C:\Users\Вадим\AppData\Roaming\npm\node_modules\firebase-tools\lib\bin\firebase.js init
[debug] [2022-04-05T16:22:42.760Z] CLI Version:   10.6.0
[debug] [2022-04-05T16:22:42.760Z] Platform:      win32
[debug] [2022-04-05T16:22:42.760Z] Node Version:  v12.20.0
[debug] [2022-04-05T16:22:42.760Z] Time:          Tue Apr 05 2022 19:22:42 GMT+0300 (GMT+03:00)
[debug] [2022-04-05T16:22:42.760Z] ----------------------------------------------------------------------
[debug] 
[debug] [2022-04-05T16:22:42.869Z] > command requires scopes: ["email","openid","https://www.googleapis.com/auth/cloudplatformprojects.readonly","https://www.googleapis.com/auth/firebase","https://www.googleapis.com/auth/cloud-platform"]
[debug] [2022-04-05T16:22:42.869Z] > authorizing via signed-in user (lentik.vadik@gmail.com)
[info] 
     ######## #### ########  ######## ########     ###     ######  ########
     ##        ##  ##     ## ##       ##     ##  ##   ##  ##       ##
     ######    ##  ########  ######   ########  #########  ######  ######
     ##        ##  ##    ##  ##       ##     ## ##     ##       ## ##
     ##       #### ##     ## ######## ########  ##     ##  ######  ########

You're about to initialize a Firebase project in this directory:

  C:\Users\Вадим\beautyedits

Before we get started, keep in mind:

  * You are initializing within an existing Firebase project directory

[info] 
=== Project Setup
[info] 
[info] First, let's associate this project directory with a Firebase project.
[info] You can create multiple project aliases by running firebase use --add, 
[info] but for now we'll just set up a default project.
[info] 
[debug] [2022-04-05T16:23:41.496Z] Using project from CLI flag: beautyedits-a45fe
[debug] [2022-04-05T16:23:41.496Z] > refreshing access token with scopes: []
[debug] [2022-04-05T16:23:41.496Z] >>> HTTP REQUEST POST https://www.googleapis.com/oauth2/v3/token  
 <request body omitted>
[debug] [2022-04-05T16:23:41.670Z] <<< HTTP RESPONSE 200 {"cache-control":"no-cache, no-store, max-age=0, must-revalidate","expires":"Mon, 01 Jan 1990 00:00:00 GMT","date":"Tue, 05 Apr 2022 16:23:40 GMT","pragma":"no-cache","content-type":"application/json; charset=utf-8","vary":"X-Origin, Referer, Origin,Accept-Encoding","server":"scaffolding on HTTPServer2","x-xss-protection":"0","x-frame-options":"SAMEORIGIN","x-content-type-options":"nosniff","alt-svc":"h3=\":443\"; ma=2592000,h3-29=\":443\"; ma=2592000,h3-Q050=\":443\"; ma=2592000,h3-Q046=\":443\"; ma=2592000,h3-Q043=\":443\"; ma=2592000,quic=\":443\"; ma=2592000; v=\"46,43\"","accept-ranges":"none","transfer-encoding":"chunked"}
[debug] [2022-04-05T16:23:41.685Z] >>> [apiv2][query] GET https://firebase.googleapis.com/v1beta1/projects/beautyedits-a45fe [none]
[debug] [2022-04-05T16:23:42.013Z] <<< [apiv2][status] GET https://firebase.googleapis.com/v1beta1/projects/beautyedits-a45fe 200
[debug] [2022-04-05T16:23:42.013Z] <<< [apiv2][body] GET https://firebase.googleapis.com/v1beta1/projects/beautyedits-a45fe {"projectId":"beautyedits-a45fe","projectNumber":"850933896918","displayName":"beautyedits","name":"projects/beautyedits-a45fe","resources":{"hostingSite":"beautyedits-a45fe","realtimeDatabaseInstance":"beautyedits-a45fe-default-rtdb"},"state":"ACTIVE"}
[info] i  Using project beautyedits-a45fe (beautyedits) 
[info] 
=== Database Setup
[info] i  database: ensuring required API firebasedatabase.googleapis.com is enabled... 
[debug] [2022-04-05T16:23:42.029Z] >>> [apiv2][query] GET https://serviceusage.googleapis.com/v1/projects/beautyedits-a45fe/services/firebasedatabase.googleapis.com [none]
[debug] [2022-04-05T16:23:43.047Z] <<< [apiv2][status] GET https://serviceusage.googleapis.com/v1/projects/beautyedits-a45fe/services/firebasedatabase.googleapis.com 200
[debug] [2022-04-05T16:23:43.048Z] <<< [apiv2][body] GET https://serviceusage.googleapis.com/v1/projects/beautyedits-a45fe/services/firebasedatabase.googleapis.com {"name":"projects/850933896918/services/firebasedatabase.googleapis.com","config":{"name":"firebasedatabase.googleapis.com","title":"Firebase Realtime Database Management API","apis":[{"name":"google.firebase.database.v1beta.RealtimeDatabaseService","methods":[{"name":"CreateDatabaseInstance"},{"name":"GetDatabaseInstance"},{"name":"ListDatabaseInstances"},{"name":"DeleteDatabaseInstance"},{"name":"DisableDatabaseInstance"},{"name":"ReenableDatabaseInstance"}],"version":"v1beta"},{"name":"google.discovery.Discovery","methods":[{"name":"GetDiscovery"},{"name":"GetDiscoveryRest"}],"version":"v1"}],"documentation":{"summary":"The Firebase Realtime Database Management API enables programmatic provisioning and management of Realtime Database instances."},"quota":{"limits":[{"name":"ReadsPerMinutePerProject","metric":"firebasedatabase.googleapis.com/metadata/read_requests","unit":"1/min/{project}","values":{"DEFAULT":"600"}},{"name":"ReadsPerMinutePerProjectPerUser","metric":"firebasedatabase.googleapis.com/metadata/read_requests","unit":"1/min/{project}/{user}","values":{"DEFAULT":"300"}},{"name":"ReadsPerMinutePerOrganization","metric":"firebasedatabase.googleapis.com/metadata/read_requests","unit":"1/min/{organization}","values":{"DEFAULT":"1200"}},{"name":"WritesPerMinutePerProject","metric":"firebasedatabase.googleapis.com/metadata/write_requests","unit":"1/min/{project}","values":{"DEFAULT":"120"}},{"name":"WritesPerMinutePerProjectPerUser","metric":"firebasedatabase.googleapis.com/metadata/write_requests","unit":"1/min/{project}/{user}","values":{"DEFAULT":"100"}},{"name":"WritesPerMinutePerOrganization","metric":"firebasedatabase.googleapis.com/metadata/write_requests","unit":"1/min/{organization}","values":{"DEFAULT":"300"}},{"name":"CreatesPerMinutePerProject","metric":"firebasedatabase.googleapis.com/metadata/create_requests","unit":"1/min/{project}","values":{"DEFAULT":"100"}},{"name":"CreatesPerMinutePerProjectPerUser","metric":"firebasedatabase.googleapis.com/metadata/create_requests","unit":"1/min/{project}/{user}","values":{"DEFAULT":"100"}},{"name":"CreatesPerMinutePerOrganization","metric":"firebasedatabase.googleapis.com/metadata/create_requests","unit":"1/min/{organization}","values":{"DEFAULT":"100"}}]},"authentication":{"rules":[{"oauth":{"canonicalScopes":"https://www.googleapis.com/auth/cloud-platform,\nhttps://www.googleapis.com/auth/firebase,"}},{"oauth":{"canonicalScopes":"https://www.googleapis.com/auth/cloud-platform,\nhttps://www.googleapis.com/auth/cloud-platform.read-only,\nhttps://www.googleapis.com/auth/firebase,\nhttps://www.googleapis.com/auth/firebase.readonly"}},{"oauth":{"canonicalScopes":"https://www.googleapis.com/auth/cloud-platform,\nhttps://www.googleapis.com/auth/cloud-platform.read-only,\nhttps://www.googleapis.com/auth/firebase,\nhttps://www.googleapis.com/auth/firebase.readonly"}},{"oauth":{"canonicalScopes":"https://www.googleapis.com/auth/cloud-platform,\nhttps://www.googleapis.com/auth/firebase,"}},{"oauth":{"canonicalScopes":"https://www.googleapis.com/auth/cloud-platform,\nhttps://www.googleapis.com/auth/firebase,"}},{"oauth":{"canonicalScopes":"https://www.googleapis.com/auth/cloud-platform,\nhttps://www.googleapis.com/auth/firebase,"}},{"oauth":{"canonicalScopes":"https://www.googleapis.com/auth/cloud-platform,\nhttps://www.googleapis.com/auth/firebase,"}}]},"usage":{"requirements":["serviceusage.googleapis.com/tos/universal"]},"endpoints":[{"name":"firebasedatabase.googleapis.com"},{"name":"firebasedatabase.clients6.google.com"},{"name":"content-firebasedatabase.googleapis.com"}],"monitoredResources":[{"type":"firebase_namespace","displayName":"Firebase Realtime Database","description":"A Firebase Realtime Database.","labels":[{"key":"project_id","description":"The identifier of the GCP project associated with this resource, such as \"my-project\"."},{"key":"table_name","description":"The name of the database."},{"key":"location","description":"The location of the database."}],"launchStage":"GA"},{"type":"firebasedatabase.googleapis.com/table","labels":[{"key":"firebasedatabase.googleapis.com/table_name"},{"key":"cloud.googleapis.com/location"},{"key":"cloud.googleapis.com/project"},{"key":"cloud.googleapis.com/uid"}]},{"type":"serviceruntime.googleapis.com/api","labels":[{"key":"cloud.googleapis.com/location"},{"key":"cloud.googleapis.com/uid"},{"key":"serviceruntime.googleapis.com/api_version"},{"key":"serviceruntime.googleapis.com/api_method"},{"key":"serviceruntime.googleapis.com/consumer_project"},{"key":"cloud.googleapis.com/project"},{"key":"cloud.googleapis.com/service"}]},{"type":"serviceruntime.googleapis.com/consumer_quota","labels":[{"key":"cloud.googleapis.com/location"},{"key":"cloud.googleapis.com/uid"},{"key":"cloud.googleapis.com/service"},{"key":"cloud.googleapis.com/resource_id"},{"key":"cloud.googleapis.com/resource_node"},{"key":"cloud.googleapis.com/quota_metric"},{"key":"cloud.googleapis.com/quota_location"}]},{"type":"serviceruntime.googleapis.com/producer_quota","labels":[{"key":"cloud.googleapis.com/location"},{"key":"cloud.googleapis.com/uid"},{"key":"cloud.googleapis.com/service"},{"key":"cloud.googleapis.com/resource_id"},{"key":"cloud.googleapis.com/resource_node"},{"key":"cloud.googleapis.com/consumer_resource_node"},{"key":"cloud.googleapis.com/quota_metric"},{"key":"cloud.googleapis.com/quota_location"}]}],"monitoring":{"consumerDestinations":[{"monitoredResource":"firebase_namespace","metrics":["firebasedatabase.googleapis.com/storage/total_bytes","firebasedatabase.googleapis.com/storage/limit","firebasedatabase.googleapis.com/storage/disabled_for_overages","firebasedatabase.googleapis.com/network/monthly_sent","firebasedatabase.googleapis.com/network/monthly_sent_limit","firebasedatabase.googleapis.com/network/active_connections","firebasedatabase.googleapis.com/network/disabled_for_overages","firebasedatabase.googleapis.com/io/utilization","firebasedatabase.googleapis.com/io/database_load","firebasedatabase.googleapis.com/network/broadcast_load"]},{"monitoredResource":"firebase_namespace","metrics":["firebasedatabase.googleapis.com/network/sent_bytes_count","firebasedatabase.googleapis.com/network/api_hits_count","firebasedatabase.googleapis.com/network/https_requests_count","firebasedatabase.googleapis.com/io/persisted_bytes_count","firebasedatabase.googleapis.com/io/sent_responses_count","firebasedatabase.googleapis.com/network/sent_payload_and_protocol_bytes_count","firebasedatabase.googleapis.com/network/sent_payload_bytes_count","firebasedatabase.googleapis.com/rules/evaluation_count"]},{"monitoredResource":"firebasedatabase.googleapis.com/table","metrics":["firebasedatabase.googleapis.com/network/operations_count"]},{"monitoredResource":"serviceruntime.googleapis.com/api","metrics":["serviceruntime.googleapis.com/api/consumer/quota_used_count","serviceruntime.googleapis.com/api/consumer/quota_refund_count","serviceruntime.googleapis.com/quota/used","serviceruntime.googleapis.com/quota/limit","serviceruntime.googleapis.com/quota/exceeded","serviceruntime.googleapis.com/allocation/consumer/quota_used_count"]},{"monitoredResource":"serviceruntime.googleapis.com/consumer_quota","metrics":["serviceruntime.googleapis.com/quota/rate/consumer/used_count","serviceruntime.googleapis.com/quota/rate/consumer/refund_count","serviceruntime.googleapis.com/quota/allocation/consumer/usage","serviceruntime.googleapis.com/quota/consumer/limit","serviceruntime.googleapis.com/quota/consumer/exceeded"]}]}},"state":"ENABLED","parent":"projects/850933896918"}
[info] +  database: required API firebasedatabase.googleapis.com is enabled 
[info] 
[debug] [2022-04-05T16:23:43.050Z] > refreshing access token with scopes: ["email","https://www.googleapis.com/auth/cloud-platform","https://www.googleapis.com/auth/cloudplatformprojects.readonly","https://www.googleapis.com/auth/firebase","openid"]
[debug] [2022-04-05T16:23:43.050Z] >>> HTTP REQUEST POST https://www.googleapis.com/oauth2/v3/token  
 <request body omitted>
[debug] [2022-04-05T16:23:43.143Z] <<< HTTP RESPONSE 200 {"date":"Tue, 05 Apr 2022 16:23:42 GMT","cache-control":"no-cache, no-store, max-age=0, must-revalidate","pragma":"no-cache","expires":"Mon, 01 Jan 1990 00:00:00 GMT","content-type":"application/json; charset=utf-8","vary":"X-Origin, Referer, Origin,Accept-Encoding","server":"scaffolding on HTTPServer2","x-xss-protection":"0","x-frame-options":"SAMEORIGIN","x-content-type-options":"nosniff","alt-svc":"h3=\":443\"; ma=2592000,h3-29=\":443\"; ma=2592000,h3-Q050=\":443\"; ma=2592000,h3-Q046=\":443\"; ma=2592000,h3-Q043=\":443\"; ma=2592000,quic=\":443\"; ma=2592000; v=\"46,43\"","accept-ranges":"none","transfer-encoding":"chunked"}
[debug] [2022-04-05T16:23:43.159Z] >>> HTTP REQUEST GET https://firebasedatabase.googleapis.com/v1beta/projects/beautyedits-a45fe/locations/-/instances/beautyedits-a45fe-default-rtdb  
 
[debug] [2022-04-05T16:23:43.639Z] <<< HTTP RESPONSE 200 {"content-type":"application/json; charset=UTF-8","vary":"X-Origin, Referer, Origin,Accept-Encoding","date":"Tue, 05 Apr 2022 16:23:42 GMT","server":"ESF","cache-control":"private","x-xss-protection":"0","x-frame-options":"SAMEORIGIN","x-content-type-options":"nosniff","alt-svc":"h3=\":443\"; ma=2592000,h3-29=\":443\"; ma=2592000,h3-Q050=\":443\"; ma=2592000,h3-Q046=\":443\"; ma=2592000,h3-Q043=\":443\"; ma=2592000,quic=\":443\"; ma=2592000; v=\"46,43\"","accept-ranges":"none","transfer-encoding":"chunked"}
[info] 
[info] Firebase Realtime Database Security Rules allow you to define how your data should be
[info] structured and when your data can be read from and written to.
[info] 
[debug] [2022-04-05T16:24:03.000Z] >>> HTTP REQUEST GET https://beautyedits-a45fe-default-rtdb.firebaseio.com/.settings/rules.json  
 
[debug] [2022-04-05T16:24:03.521Z] <<< HTTP RESPONSE 200 {"server":"nginx","date":"Tue, 05 Apr 2022 16:24:02 GMT","content-type":"application/json; charset=utf-8","content-length":"161","connection":"keep-alive","access-control-allow-origin":"*","cache-control":"no-cache","strict-transport-security":"max-age=31556926; includeSubDomains; preload"}
[debug] [2022-04-05T16:24:25.120Z] Error: C:\Users\Вадим\beautyedits\C:\Users\Вадим\Desktop\beautyeditsfirebase contains invalid WIN32 path characters.
    at Object.mkdirsSync (C:\Users\Вадим\AppData\Roaming\npm\node_modules\firebase-tools\node_modules\fs-extra\lib\mkdirs\mkdirs-sync.js:18:22)
    at Object.createFileSync (C:\Users\Вадим\AppData\Roaming\npm\node_modules\firebase-tools\node_modules\fs-extra\lib\ensure\file.js:40:11)
    at Config.writeProjectFile (C:\Users\Вадим\AppData\Roaming\npm\node_modules\firebase-tools\lib\config.js:151:12)
    at writeDBRules (C:\Users\Вадим\AppData\Roaming\npm\node_modules\firebase-tools\lib\init\features\database.js:27:12)
    at doSetup (C:\Users\Вадим\AppData\Roaming\npm\node_modules\firebase-tools\lib\init\features\database.js:117:13)
    at processTicksAndRejections (internal/process/task_queues.js:97:5)
    at async init (C:\Users\Вадим\AppData\Roaming\npm\node_modules\firebase-tools\lib\init\index.js:36:9)
[error] 
[error] Error: An unexpected error has occurred.
[debug] [2022-04-05T16:25:08.157Z] ----------------------------------------------------------------------
[debug] [2022-04-05T16:25:08.157Z] Command:       C:\Program Files\nodejs\node.exe C:\Users\Вадим\AppData\Roaming\npm\node_modules\firebase-tools\lib\bin\firebase.js init
[debug] [2022-04-05T16:25:08.157Z] CLI Version:   10.6.0
[debug] [2022-04-05T16:25:08.157Z] Platform:      win32
[debug] [2022-04-05T16:25:08.157Z] Node Version:  v12.20.0
[debug] [2022-04-05T16:25:08.157Z] Time:          Tue Apr 05 2022 19:25:08 GMT+0300 (GMT+03:00)
[debug] [2022-04-05T16:25:08.157Z] ----------------------------------------------------------------------
[debug] 
[debug] [2022-04-05T16:25:08.282Z] > command requires scopes: ["email","openid","https://www.googleapis.com/auth/cloudplatformprojects.readonly","https://www.googleapis.com/auth/firebase","https://www.googleapis.com/auth/cloud-platform"]
[debug] [2022-04-05T16:25:08.282Z] > authorizing via signed-in user (lentik.vadik@gmail.com)
[info] 
     ######## #### ########  ######## ########     ###     ######  ########
     ##        ##  ##     ## ##       ##     ##  ##   ##  ##       ##
     ######    ##  ########  ######   ########  #########  ######  ######
     ##        ##  ##    ##  ##       ##     ## ##     ##       ## ##
     ##       #### ##     ## ######## ########  ##     ##  ######  ########

You're about to initialize a Firebase project in this directory:

  C:\Users\Вадим\beautyedits

Before we get started, keep in mind:

  * You are initializing within an existing Firebase project directory

[info] 
=== Project Setup
[info] 
[info] First, let's associate this project directory with a Firebase project.
[info] You can create multiple project aliases by running firebase use --add, 
[info] but for now we'll just set up a default project.
[info] 
[debug] [2022-04-05T16:26:02.578Z] Using project from CLI flag: beautyedits-a45fe
[debug] [2022-04-05T16:26:02.594Z] > refreshing access token with scopes: []
[debug] [2022-04-05T16:26:02.595Z] >>> HTTP REQUEST POST https://www.googleapis.com/oauth2/v3/token  
 <request body omitted>
[debug] [2022-04-05T16:26:02.761Z] <<< HTTP RESPONSE 200 {"cache-control":"no-cache, no-store, max-age=0, must-revalidate","expires":"Mon, 01 Jan 1990 00:00:00 GMT","pragma":"no-cache","date":"Tue, 05 Apr 2022 16:26:01 GMT","content-type":"application/json; charset=utf-8","vary":"X-Origin, Referer, Origin,Accept-Encoding","server":"scaffolding on HTTPServer2","x-xss-protection":"0","x-frame-options":"SAMEORIGIN","x-content-type-options":"nosniff","alt-svc":"h3=\":443\"; ma=2592000,h3-29=\":443\"; ma=2592000,h3-Q050=\":443\"; ma=2592000,h3-Q046=\":443\"; ma=2592000,h3-Q043=\":443\"; ma=2592000,quic=\":443\"; ma=2592000; v=\"46,43\"","accept-ranges":"none","transfer-encoding":"chunked"}
[debug] [2022-04-05T16:26:02.776Z] >>> [apiv2][query] GET https://firebase.googleapis.com/v1beta1/projects/beautyedits-a45fe [none]
[debug] [2022-04-05T16:26:03.106Z] <<< [apiv2][status] GET https://firebase.googleapis.com/v1beta1/projects/beautyedits-a45fe 200
[debug] [2022-04-05T16:26:03.106Z] <<< [apiv2][body] GET https://firebase.googleapis.com/v1beta1/projects/beautyedits-a45fe {"projectId":"beautyedits-a45fe","projectNumber":"850933896918","displayName":"beautyedits","name":"projects/beautyedits-a45fe","resources":{"hostingSite":"beautyedits-a45fe","realtimeDatabaseInstance":"beautyedits-a45fe-default-rtdb"},"state":"ACTIVE"}
[info] i  Using project beautyedits-a45fe (beautyedits) 
[info] 
=== Database Setup
[info] i  database: ensuring required API firebasedatabase.googleapis.com is enabled... 
[debug] [2022-04-05T16:26:03.121Z] >>> [apiv2][query] GET https://serviceusage.googleapis.com/v1/projects/beautyedits-a45fe/services/firebasedatabase.googleapis.com [none]
[debug] [2022-04-05T16:26:04.079Z] <<< [apiv2][status] GET https://serviceusage.googleapis.com/v1/projects/beautyedits-a45fe/services/firebasedatabase.googleapis.com 200
[debug] [2022-04-05T16:26:04.080Z] <<< [apiv2][body] GET https://serviceusage.googleapis.com/v1/projects/beautyedits-a45fe/services/firebasedatabase.googleapis.com {"name":"projects/850933896918/services/firebasedatabase.googleapis.com","config":{"name":"firebasedatabase.googleapis.com","title":"Firebase Realtime Database Management API","apis":[{"name":"google.firebase.database.v1beta.RealtimeDatabaseService","methods":[{"name":"CreateDatabaseInstance"},{"name":"GetDatabaseInstance"},{"name":"ListDatabaseInstances"},{"name":"DeleteDatabaseInstance"},{"name":"DisableDatabaseInstance"},{"name":"ReenableDatabaseInstance"}],"version":"v1beta"},{"name":"google.discovery.Discovery","methods":[{"name":"GetDiscovery"},{"name":"GetDiscoveryRest"}],"version":"v1"}],"documentation":{"summary":"The Firebase Realtime Database Management API enables programmatic provisioning and management of Realtime Database instances."},"quota":{"limits":[{"name":"ReadsPerMinutePerProject","metric":"firebasedatabase.googleapis.com/metadata/read_requests","unit":"1/min/{project}","values":{"DEFAULT":"600"}},{"name":"ReadsPerMinutePerProjectPerUser","metric":"firebasedatabase.googleapis.com/metadata/read_requests","unit":"1/min/{project}/{user}","values":{"DEFAULT":"300"}},{"name":"ReadsPerMinutePerOrganization","metric":"firebasedatabase.googleapis.com/metadata/read_requests","unit":"1/min/{organization}","values":{"DEFAULT":"1200"}},{"name":"WritesPerMinutePerProject","metric":"firebasedatabase.googleapis.com/metadata/write_requests","unit":"1/min/{project}","values":{"DEFAULT":"120"}},{"name":"WritesPerMinutePerProjectPerUser","metric":"firebasedatabase.googleapis.com/metadata/write_requests","unit":"1/min/{project}/{user}","values":{"DEFAULT":"100"}},{"name":"WritesPerMinutePerOrganization","metric":"firebasedatabase.googleapis.com/metadata/write_requests","unit":"1/min/{organization}","values":{"DEFAULT":"300"}},{"name":"CreatesPerMinutePerProject","metric":"firebasedatabase.googleapis.com/metadata/create_requests","unit":"1/min/{project}","values":{"DEFAULT":"100"}},{"name":"CreatesPerMinutePerProjectPerUser","metric":"firebasedatabase.googleapis.com/metadata/create_requests","unit":"1/min/{project}/{user}","values":{"DEFAULT":"100"}},{"name":"CreatesPerMinutePerOrganization","metric":"firebasedatabase.googleapis.com/metadata/create_requests","unit":"1/min/{organization}","values":{"DEFAULT":"100"}}]},"authentication":{"rules":[{"oauth":{"canonicalScopes":"https://www.googleapis.com/auth/cloud-platform,\nhttps://www.googleapis.com/auth/firebase,"}},{"oauth":{"canonicalScopes":"https://www.googleapis.com/auth/cloud-platform,\nhttps://www.googleapis.com/auth/cloud-platform.read-only,\nhttps://www.googleapis.com/auth/firebase,\nhttps://www.googleapis.com/auth/firebase.readonly"}},{"oauth":{"canonicalScopes":"https://www.googleapis.com/auth/cloud-platform,\nhttps://www.googleapis.com/auth/cloud-platform.read-only,\nhttps://www.googleapis.com/auth/firebase,\nhttps://www.googleapis.com/auth/firebase.readonly"}},{"oauth":{"canonicalScopes":"https://www.googleapis.com/auth/cloud-platform,\nhttps://www.googleapis.com/auth/firebase,"}},{"oauth":{"canonicalScopes":"https://www.googleapis.com/auth/cloud-platform,\nhttps://www.googleapis.com/auth/firebase,"}},{"oauth":{"canonicalScopes":"https://www.googleapis.com/auth/cloud-platform,\nhttps://www.googleapis.com/auth/firebase,"}},{"oauth":{"canonicalScopes":"https://www.googleapis.com/auth/cloud-platform,\nhttps://www.googleapis.com/auth/firebase,"}}]},"usage":{"requirements":["serviceusage.googleapis.com/tos/universal"]},"endpoints":[{"name":"firebasedatabase.googleapis.com"},{"name":"firebasedatabase.clients6.google.com"},{"name":"content-firebasedatabase.googleapis.com"}],"monitoredResources":[{"type":"firebase_namespace","displayName":"Firebase Realtime Database","description":"A Firebase Realtime Database.","labels":[{"key":"project_id","description":"The identifier of the GCP project associated with this resource, such as \"my-project\"."},{"key":"table_name","description":"The name of the database."},{"key":"location","description":"The location of the database."}],"launchStage":"GA"},{"type":"firebasedatabase.googleapis.com/table","labels":[{"key":"firebasedatabase.googleapis.com/table_name"},{"key":"cloud.googleapis.com/location"},{"key":"cloud.googleapis.com/project"},{"key":"cloud.googleapis.com/uid"}]},{"type":"serviceruntime.googleapis.com/api","labels":[{"key":"cloud.googleapis.com/location"},{"key":"cloud.googleapis.com/uid"},{"key":"serviceruntime.googleapis.com/api_version"},{"key":"serviceruntime.googleapis.com/api_method"},{"key":"serviceruntime.googleapis.com/consumer_project"},{"key":"cloud.googleapis.com/project"},{"key":"cloud.googleapis.com/service"}]},{"type":"serviceruntime.googleapis.com/consumer_quota","labels":[{"key":"cloud.googleapis.com/location"},{"key":"cloud.googleapis.com/uid"},{"key":"cloud.googleapis.com/service"},{"key":"cloud.googleapis.com/resource_id"},{"key":"cloud.googleapis.com/resource_node"},{"key":"cloud.googleapis.com/quota_metric"},{"key":"cloud.googleapis.com/quota_location"}]},{"type":"serviceruntime.googleapis.com/producer_quota","labels":[{"key":"cloud.googleapis.com/location"},{"key":"cloud.googleapis.com/uid"},{"key":"cloud.googleapis.com/service"},{"key":"cloud.googleapis.com/resource_id"},{"key":"cloud.googleapis.com/resource_node"},{"key":"cloud.googleapis.com/consumer_resource_node"},{"key":"cloud.googleapis.com/quota_metric"},{"key":"cloud.googleapis.com/quota_location"}]}],"monitoring":{"consumerDestinations":[{"monitoredResource":"firebase_namespace","metrics":["firebasedatabase.googleapis.com/storage/total_bytes","firebasedatabase.googleapis.com/storage/limit","firebasedatabase.googleapis.com/storage/disabled_for_overages","firebasedatabase.googleapis.com/network/monthly_sent","firebasedatabase.googleapis.com/network/monthly_sent_limit","firebasedatabase.googleapis.com/network/active_connections","firebasedatabase.googleapis.com/network/disabled_for_overages","firebasedatabase.googleapis.com/io/utilization","firebasedatabase.googleapis.com/io/database_load","firebasedatabase.googleapis.com/network/broadcast_load"]},{"monitoredResource":"firebase_namespace","metrics":["firebasedatabase.googleapis.com/network/sent_bytes_count","firebasedatabase.googleapis.com/network/api_hits_count","firebasedatabase.googleapis.com/network/https_requests_count","firebasedatabase.googleapis.com/io/persisted_bytes_count","firebasedatabase.googleapis.com/io/sent_responses_count","firebasedatabase.googleapis.com/network/sent_payload_and_protocol_bytes_count","firebasedatabase.googleapis.com/network/sent_payload_bytes_count","firebasedatabase.googleapis.com/rules/evaluation_count"]},{"monitoredResource":"firebasedatabase.googleapis.com/table","metrics":["firebasedatabase.googleapis.com/network/operations_count"]},{"monitoredResource":"serviceruntime.googleapis.com/api","metrics":["serviceruntime.googleapis.com/api/consumer/quota_used_count","serviceruntime.googleapis.com/api/consumer/quota_refund_count","serviceruntime.googleapis.com/quota/used","serviceruntime.googleapis.com/quota/limit","serviceruntime.googleapis.com/quota/exceeded","serviceruntime.googleapis.com/allocation/consumer/quota_used_count"]},{"monitoredResource":"serviceruntime.googleapis.com/consumer_quota","metrics":["serviceruntime.googleapis.com/quota/rate/consumer/used_count","serviceruntime.googleapis.com/quota/rate/consumer/refund_count","serviceruntime.googleapis.com/quota/allocation/consumer/usage","serviceruntime.googleapis.com/quota/consumer/limit","serviceruntime.googleapis.com/quota/consumer/exceeded"]}]}},"state":"ENABLED","parent":"projects/850933896918"}
[info] +  database: required API firebasedatabase.googleapis.com is enabled 
[info] 
[debug] [2022-04-05T16:26:04.083Z] > refreshing access token with scopes: ["email","https://www.googleapis.com/auth/cloud-platform","https://www.googleapis.com/auth/cloudplatformprojects.readonly","https://www.googleapis.com/auth/firebase","openid"]
[debug] [2022-04-05T16:26:04.083Z] >>> HTTP REQUEST POST https://www.googleapis.com/oauth2/v3/token  
 <request body omitted>
[debug] [2022-04-05T16:26:04.175Z] <<< HTTP RESPONSE 200 {"expires":"Mon, 01 Jan 1990 00:00:00 GMT","date":"Tue, 05 Apr 2022 16:26:03 GMT","pragma":"no-cache","cache-control":"no-cache, no-store, max-age=0, must-revalidate","content-type":"application/json; charset=utf-8","vary":"X-Origin, Referer, Origin,Accept-Encoding","server":"scaffolding on HTTPServer2","x-xss-protection":"0","x-frame-options":"SAMEORIGIN","x-content-type-options":"nosniff","alt-svc":"h3=\":443\"; ma=2592000,h3-29=\":443\"; ma=2592000,h3-Q050=\":443\"; ma=2592000,h3-Q046=\":443\"; ma=2592000,h3-Q043=\":443\"; ma=2592000,quic=\":443\"; ma=2592000; v=\"46,43\"","accept-ranges":"none","transfer-encoding":"chunked"}
[debug] [2022-04-05T16:26:04.188Z] >>> HTTP REQUEST GET https://firebasedatabase.googleapis.com/v1beta/projects/beautyedits-a45fe/locations/-/instances/beautyedits-a45fe-default-rtdb  
 
[debug] [2022-04-05T16:26:04.454Z] <<< HTTP RESPONSE 200 {"content-type":"application/json; charset=UTF-8","vary":"X-Origin, Referer, Origin,Accept-Encoding","date":"Tue, 05 Apr 2022 16:26:03 GMT","server":"ESF","cache-control":"private","x-xss-protection":"0","x-frame-options":"SAMEORIGIN","x-content-type-options":"nosniff","alt-svc":"h3=\":443\"; ma=2592000,h3-29=\":443\"; ma=2592000,h3-Q050=\":443\"; ma=2592000,h3-Q046=\":443\"; ma=2592000,h3-Q043=\":443\"; ma=2592000,quic=\":443\"; ma=2592000; v=\"46,43\"","accept-ranges":"none","transfer-encoding":"chunked"}
[info] 
[info] Firebase Realtime Database Security Rules allow you to define how your data should be
[info] structured and when your data can be read from and written to.
[info] 
[info] Skipping overwrite of Realtime Database Security Rules.
[info] The security rules defined in C:\Users\Вадим\Desktop\beautyeditsfirebase\database.rules.json will be published when you run firebase deploy.
[info] 
=== Hosting Setup
[info] 
[info] Your public directory is the folder (relative to your project directory) that
[info] will contain Hosting assets to be uploaded with firebase deploy. If you
[info] have a build process for your assets, use your build's output directory.
[info] 
[debug] [2022-04-05T16:26:21.218Z] >>> [apiv2][query] GET https://www.gstatic.com/firebasejs/releases.json [none]
[debug] [2022-04-05T16:26:21.320Z] <<< [apiv2][status] GET https://www.gstatic.com/firebasejs/releases.json 200
[debug] [2022-04-05T16:26:21.320Z] <<< [apiv2][body] GET https://www.gstatic.com/firebasejs/releases.json {"current":{"version":"9.6.10","browserURL":"https://www.gstatic.com/firebasejs/9.6.10/firebase.js","packageURL":"https://www.gstatic.com/firebasejs/9.6.10/firebase.tgz"},"live":{"version":"9.6","browserURL":"https://www.gstatic.com/firebasejs/live/9.6/firebase.js","packageURL":"https://www.gstatic.com/firebasejs/live/9.6/firebase.tgz"},"components":{"analytics":"https://www.gstatic.com/firebasejs/9.6.10/firebase-analytics.js","app":"https://www.gstatic.com/firebasejs/9.6.10/firebase-app.js","app-check":"https://www.gstatic.com/firebasejs/9.6.10/firebase-app-check.js","auth":"https://www.gstatic.com/firebasejs/9.6.10/firebase-auth.js","auth/cordova":"https://www.gstatic.com/firebasejs/9.6.10/firebase-auth/cordova.js","auth/react-native":"https://www.gstatic.com/firebasejs/9.6.10/firebase-auth/react-native.js","functions":"https://www.gstatic.com/firebasejs/9.6.10/firebase-functions.js","firestore":"https://www.gstatic.com/firebasejs/9.6.10/firebase-firestore.js","firestore/lite":"https://www.gstatic.com/firebasejs/9.6.10/firebase-firestore/lite.js","storage":"https://www.gstatic.com/firebasejs/9.6.10/firebase-storage.js","performance":"https://www.gstatic.com/firebasejs/9.6.10/firebase-performance.js","remote-config":"https://www.gstatic.com/firebasejs/9.6.10/firebase-remote-config.js","messaging":"https://www.gstatic.com/firebasejs/9.6.10/firebase-messaging.js","messaging/sw":"https://www.gstatic.com/firebasejs/9.6.10/firebase-messaging/sw.js","database":"https://www.gstatic.com/firebasejs/9.6.10/firebase-database.js","firestore.memory":"https://www.gstatic.com/firebasejs/9.6.10/firebase-firestore.memory.js"}}
[debug] [2022-04-05T16:26:21.639Z] Error: C:\Users\Вадим\beautyedits\C:\Users\Вадим\Desktop\firebase1 contains invalid WIN32 path characters.
    at Object.mkdirsSync (C:\Users\Вадим\AppData\Roaming\npm\node_modules\firebase-tools\node_modules\fs-extra\lib\mkdirs\mkdirs-sync.js:18:22)
    at Object.createFileSync (C:\Users\Вадим\AppData\Roaming\npm\node_modules\firebase-tools\node_modules\fs-extra\lib\ensure\file.js:40:11)
    at Config.writeProjectFile (C:\Users\Вадим\AppData\Roaming\npm\node_modules\firebase-tools\lib\config.js:151:12)
    at C:\Users\Вадим\AppData\Roaming\npm\node_modules\firebase-tools\lib\config.js:175:22
    at processTicksAndRejections (internal/process/task_queues.js:97:5)
    at async doSetup (C:\Users\Вадим\AppData\Roaming\npm\node_modules\firebase-tools\lib\init\features\hosting\index.js:52:5)
    at async init (C:\Users\Вадим\AppData\Roaming\npm\node_modules\firebase-tools\lib\init\index.js:36:9)
[error] 
[error] Error: An unexpected error has occurred.
